[2014-11-18 10:27:25] MicroCMS.INFO: Matched route "GET_" (parameters: "_controller": "{}", "_route": "GET_") [] []
[2014-11-18 10:27:25] MicroCMS.INFO: Populated SecurityContext with an anonymous Token [] []
[2014-11-18 10:27:25] MicroCMS.INFO: > GET / [] []
[2014-11-18 10:27:25] MicroCMS.INFO: < 200 [] []
[2014-11-18 10:27:25] MicroCMS.INFO: Matched route "_wdt" (parameters: "_controller": "web_profiler.controller.profiler:toolbarAction", "token": "c5b884", "_route": "_wdt") [] []
[2014-11-18 10:27:25] MicroCMS.INFO: Populated SecurityContext with an anonymous Token [] []
[2014-11-18 10:27:25] MicroCMS.INFO: > GET /_profiler/wdt/c5b884 [] []
[2014-11-18 10:27:25] MicroCMS.INFO: < 200 [] []
[2014-11-18 10:27:28] MicroCMS.INFO: Matched route "_profiler" (parameters: "_controller": "web_profiler.controller.profiler:panelAction", "token": "c5b884", "_route": "_profiler") [] []
[2014-11-18 10:27:28] MicroCMS.INFO: Populated SecurityContext with an anonymous Token [] []
[2014-11-18 10:27:28] MicroCMS.INFO: > GET /_profiler/c5b884?panel=form [] []
[2014-11-18 10:27:28] MicroCMS.INFO: Matched route "_wdt" (parameters: "_controller": "web_profiler.controller.profiler:toolbarAction", "token": "c5b884", "_route": "_wdt") [] []
[2014-11-18 10:27:28] MicroCMS.INFO: Matched route "_profiler_search_bar" (parameters: "_controller": "web_profiler.controller.profiler:searchBarAction", "_route": "_profiler_search_bar") [] []
[2014-11-18 10:27:28] MicroCMS.INFO: < 200 [] []
[2014-11-18 10:27:31] MicroCMS.INFO: Matched route "_profiler" (parameters: "_controller": "web_profiler.controller.profiler:panelAction", "token": "c5b884", "_route": "_profiler") [] []
[2014-11-18 10:27:31] MicroCMS.INFO: Populated SecurityContext with an anonymous Token [] []
[2014-11-18 10:27:31] MicroCMS.INFO: > GET /_profiler/c5b884?panel=router [] []
[2014-11-18 10:27:31] MicroCMS.INFO: Matched route "_wdt" (parameters: "_controller": "web_profiler.controller.profiler:toolbarAction", "token": "c5b884", "_route": "_wdt") [] []
[2014-11-18 10:27:31] MicroCMS.INFO: Matched route "_profiler_router" (parameters: "_controller": "web_profiler.controller.router:panelAction", "token": "c5b884", "_route": "_profiler_router") [] []
[2014-11-18 10:27:31] MicroCMS.INFO: Matched route "_profiler_search_bar" (parameters: "_controller": "web_profiler.controller.profiler:searchBarAction", "_route": "_profiler_search_bar") [] []
[2014-11-18 10:27:31] MicroCMS.INFO: < 200 [] []
[2014-11-18 10:27:32] MicroCMS.INFO: Matched route "_profiler" (parameters: "_controller": "web_profiler.controller.profiler:panelAction", "token": "c5b884", "_route": "_profiler") [] []
[2014-11-18 10:27:32] MicroCMS.INFO: Populated SecurityContext with an anonymous Token [] []
[2014-11-18 10:27:32] MicroCMS.INFO: > GET /_profiler/c5b884?panel=time [] []
[2014-11-18 10:27:32] MicroCMS.INFO: Matched route "_wdt" (parameters: "_controller": "web_profiler.controller.profiler:toolbarAction", "token": "c5b884", "_route": "_wdt") [] []
[2014-11-18 10:27:32] MicroCMS.INFO: Matched route "_profiler_search_bar" (parameters: "_controller": "web_profiler.controller.profiler:searchBarAction", "_route": "_profiler_search_bar") [] []
[2014-11-18 10:27:32] MicroCMS.INFO: < 200 [] []
[2014-11-18 10:27:34] MicroCMS.INFO: Matched route "_profiler" (parameters: "_controller": "web_profiler.controller.profiler:panelAction", "token": "c5b884", "_route": "_profiler") [] []
[2014-11-18 10:27:34] MicroCMS.INFO: Populated SecurityContext with an anonymous Token [] []
[2014-11-18 10:27:34] MicroCMS.INFO: > GET /_profiler/c5b884?panel=logger [] []
[2014-11-18 10:27:34] MicroCMS.INFO: Matched route "_wdt" (parameters: "_controller": "web_profiler.controller.profiler:toolbarAction", "token": "c5b884", "_route": "_wdt") [] []
[2014-11-18 10:27:34] MicroCMS.INFO: Matched route "_profiler_search_bar" (parameters: "_controller": "web_profiler.controller.profiler:searchBarAction", "_route": "_profiler_search_bar") [] []
[2014-11-18 10:27:34] MicroCMS.INFO: < 200 [] []
[2014-11-18 10:27:35] MicroCMS.INFO: Matched route "_profiler" (parameters: "_controller": "web_profiler.controller.profiler:panelAction", "token": "c5b884", "_route": "_profiler") [] []
[2014-11-18 10:27:35] MicroCMS.INFO: Populated SecurityContext with an anonymous Token [] []
[2014-11-18 10:27:35] MicroCMS.INFO: > GET /_profiler/c5b884?panel=events [] []
[2014-11-18 10:27:35] MicroCMS.INFO: Matched route "_wdt" (parameters: "_controller": "web_profiler.controller.profiler:toolbarAction", "token": "c5b884", "_route": "_wdt") [] []
[2014-11-18 10:27:35] MicroCMS.INFO: Matched route "_profiler_search_bar" (parameters: "_controller": "web_profiler.controller.profiler:searchBarAction", "_route": "_profiler_search_bar") [] []
[2014-11-18 10:27:35] MicroCMS.INFO: < 200 [] []
[2014-11-18 10:27:36] MicroCMS.INFO: Matched route "_profiler" (parameters: "_controller": "web_profiler.controller.profiler:panelAction", "token": "c5b884", "_route": "_profiler") [] []
[2014-11-18 10:27:36] MicroCMS.INFO: Populated SecurityContext with an anonymous Token [] []
[2014-11-18 10:27:36] MicroCMS.INFO: > GET /_profiler/c5b884?panel=exception [] []
[2014-11-18 10:27:36] MicroCMS.INFO: Matched route "_wdt" (parameters: "_controller": "web_profiler.controller.profiler:toolbarAction", "token": "c5b884", "_route": "_wdt") [] []
[2014-11-18 10:27:36] MicroCMS.INFO: Matched route "_profiler_search_bar" (parameters: "_controller": "web_profiler.controller.profiler:searchBarAction", "_route": "_profiler_search_bar") [] []
[2014-11-18 10:27:36] MicroCMS.INFO: < 200 [] []
[2014-11-18 10:27:37] MicroCMS.INFO: Matched route "_profiler" (parameters: "_controller": "web_profiler.controller.profiler:panelAction", "token": "c5b884", "_route": "_profiler") [] []
[2014-11-18 10:27:37] MicroCMS.INFO: Populated SecurityContext with an anonymous Token [] []
[2014-11-18 10:27:37] MicroCMS.INFO: > GET /_profiler/c5b884?panel=request [] []
[2014-11-18 10:27:37] MicroCMS.INFO: Matched route "_wdt" (parameters: "_controller": "web_profiler.controller.profiler:toolbarAction", "token": "c5b884", "_route": "_wdt") [] []
[2014-11-18 10:27:37] MicroCMS.INFO: Matched route "_profiler_search_bar" (parameters: "_controller": "web_profiler.controller.profiler:searchBarAction", "_route": "_profiler_search_bar") [] []
[2014-11-18 10:27:37] MicroCMS.INFO: < 200 [] []
[2014-11-18 10:27:38] MicroCMS.INFO: Matched route "_profiler" (parameters: "_controller": "web_profiler.controller.profiler:panelAction", "token": "c5b884", "_route": "_profiler") [] []
[2014-11-18 10:27:38] MicroCMS.INFO: Populated SecurityContext with an anonymous Token [] []
[2014-11-18 10:27:38] MicroCMS.INFO: > GET /_profiler/c5b884?panel=config [] []
[2014-11-18 10:27:38] MicroCMS.INFO: Matched route "_wdt" (parameters: "_controller": "web_profiler.controller.profiler:toolbarAction", "token": "c5b884", "_route": "_wdt") [] []
[2014-11-18 10:27:38] MicroCMS.INFO: Matched route "_profiler_search_bar" (parameters: "_controller": "web_profiler.controller.profiler:searchBarAction", "_route": "_profiler_search_bar") [] []
[2014-11-18 10:27:38] MicroCMS.INFO: < 200 [] []
[2014-11-18 10:27:40] MicroCMS.INFO: Matched route "GET_" (parameters: "_controller": "{}", "_route": "GET_") [] []
[2014-11-18 10:27:40] MicroCMS.INFO: Populated SecurityContext with an anonymous Token [] []
[2014-11-18 10:27:40] MicroCMS.INFO: > GET / [] []
[2014-11-18 10:27:40] MicroCMS.INFO: < 200 [] []
[2014-11-18 10:27:40] MicroCMS.INFO: Matched route "_wdt" (parameters: "_controller": "web_profiler.controller.profiler:toolbarAction", "token": "cda91f", "_route": "_wdt") [] []
[2014-11-18 10:27:40] MicroCMS.INFO: Populated SecurityContext with an anonymous Token [] []
[2014-11-18 10:27:40] MicroCMS.INFO: > GET /_profiler/wdt/cda91f [] []
[2014-11-18 10:27:41] MicroCMS.INFO: < 200 [] []
[2014-11-18 10:28:29] MicroCMS.ERROR: Symfony\Component\HttpKernel\Exception\NotFoundHttpException: No route found for "GET /dummy" (uncaught exception) at M:\XAMPP\htdocs\MicroCMS\vendor\symfony\http-kernel\Symfony\Component\HttpKernel\EventListener\RouterListener.php line 145 {"exception":"[object] (Symfony\\Component\\HttpKernel\\Exception\\NotFoundHttpException: No route found for \"GET /dummy\" at M:\\XAMPP\\htdocs\\MicroCMS\\vendor\\symfony\\http-kernel\\Symfony\\Component\\HttpKernel\\EventListener\\RouterListener.php:145, Symfony\\Component\\Routing\\Exception\\ResourceNotFoundException:  at M:\\XAMPP\\htdocs\\MicroCMS\\vendor\\symfony\\routing\\Symfony\\Component\\Routing\\Matcher\\UrlMatcher.php:96)"} []
[2014-11-18 10:28:29] MicroCMS.INFO: < 404 [] []
[2014-11-18 10:28:29] MicroCMS.INFO: Matched route "_wdt" (parameters: "_controller": "web_profiler.controller.profiler:toolbarAction", "token": "21b51c", "_route": "_wdt") [] []
[2014-11-18 10:28:29] MicroCMS.INFO: Populated SecurityContext with an anonymous Token [] []
[2014-11-18 10:28:29] MicroCMS.INFO: > GET /_profiler/wdt/21b51c [] []
[2014-11-18 10:28:29] MicroCMS.INFO: < 200 [] []
[2014-11-18 10:31:54] MicroCMS.ERROR: Symfony\Component\HttpKernel\Exception\NotFoundHttpException: No route found for "GET /dummy" (uncaught exception) at M:\XAMPP\htdocs\MicroCMS\vendor\symfony\http-kernel\Symfony\Component\HttpKernel\EventListener\RouterListener.php line 145 {"exception":"[object] (Symfony\\Component\\HttpKernel\\Exception\\NotFoundHttpException: No route found for \"GET /dummy\" at M:\\XAMPP\\htdocs\\MicroCMS\\vendor\\symfony\\http-kernel\\Symfony\\Component\\HttpKernel\\EventListener\\RouterListener.php:145, Symfony\\Component\\Routing\\Exception\\ResourceNotFoundException:  at M:\\XAMPP\\htdocs\\MicroCMS\\vendor\\symfony\\routing\\Symfony\\Component\\Routing\\Matcher\\UrlMatcher.php:96)"} []
[2014-11-18 10:31:54] MicroCMS.INFO: < 404 [] []
[2014-11-18 10:31:54] MicroCMS.INFO: Matched route "_wdt" (parameters: "_controller": "web_profiler.controller.profiler:toolbarAction", "token": "06753a", "_route": "_wdt") [] []
[2014-11-18 10:31:54] MicroCMS.INFO: Populated SecurityContext with an anonymous Token [] []
[2014-11-18 10:31:54] MicroCMS.INFO: > GET /_profiler/wdt/06753a [] []
[2014-11-18 10:31:54] MicroCMS.INFO: < 200 [] []
[2014-11-18 10:31:57] MicroCMS.INFO: Matched route "GET_" (parameters: "_controller": "{}", "_route": "GET_") [] []
[2014-11-18 10:31:57] MicroCMS.INFO: Populated SecurityContext with an anonymous Token [] []
[2014-11-18 10:31:57] MicroCMS.INFO: > GET / [] []
[2014-11-18 10:31:57] MicroCMS.INFO: < 200 [] []
[2014-11-18 10:31:57] MicroCMS.INFO: Matched route "_wdt" (parameters: "_controller": "web_profiler.controller.profiler:toolbarAction", "token": "61ce57", "_route": "_wdt") [] []
[2014-11-18 10:31:57] MicroCMS.INFO: Populated SecurityContext with an anonymous Token [] []
[2014-11-18 10:31:57] MicroCMS.INFO: > GET /_profiler/wdt/61ce57 [] []
[2014-11-18 10:31:57] MicroCMS.INFO: < 200 [] []
[2014-11-25 10:32:57] MicroCMS.ERROR: Symfony\Component\HttpKernel\Exception\NotFoundHttpException: No route found for "GET /favicon.ico" (uncaught exception) at M:\XAMPP\htdocs\MicroCMS\vendor\symfony\http-kernel\Symfony\Component\HttpKernel\EventListener\RouterListener.php line 145 {"exception":"[object] (Symfony\\Component\\HttpKernel\\Exception\\NotFoundHttpException: No route found for \"GET /favicon.ico\" at M:\\XAMPP\\htdocs\\MicroCMS\\vendor\\symfony\\http-kernel\\Symfony\\Component\\HttpKernel\\EventListener\\RouterListener.php:145, Symfony\\Component\\Routing\\Exception\\ResourceNotFoundException:  at M:\\XAMPP\\htdocs\\MicroCMS\\vendor\\symfony\\routing\\Symfony\\Component\\Routing\\Matcher\\UrlMatcher.php:96)"} []
[2014-11-25 10:36:19] MicroCMS.CRITICAL: Symfony\Component\Debug\Exception\ContextErrorException: Notice: Undefined variable: raw in M:\XAMPP\htdocs\MicroCMS\app\routes.php line 51 (uncaught exception) at M:\XAMPP\htdocs\MicroCMS\app\routes.php line 51 {"exception":"[object] (Symfony\\Component\\Debug\\Exception\\ContextErrorException: Notice: Undefined variable: raw in M:\\XAMPP\\htdocs\\MicroCMS\\app\\routes.php line 51 at M:\\XAMPP\\htdocs\\MicroCMS\\app\\routes.php:51)"} []
[2014-11-25 10:36:24] MicroCMS.CRITICAL: Symfony\Component\Debug\Exception\ContextErrorException: Notice: Undefined variable: raw in M:\XAMPP\htdocs\MicroCMS\app\routes.php line 51 (uncaught exception) at M:\XAMPP\htdocs\MicroCMS\app\routes.php line 51 {"exception":"[object] (Symfony\\Component\\Debug\\Exception\\ContextErrorException: Notice: Undefined variable: raw in M:\\XAMPP\\htdocs\\MicroCMS\\app\\routes.php line 51 at M:\\XAMPP\\htdocs\\MicroCMS\\app\\routes.php:51)"} []
[2014-11-25 10:36:30] MicroCMS.CRITICAL: Symfony\Component\Debug\Exception\ContextErrorException: Notice: Undefined variable: raw in M:\XAMPP\htdocs\MicroCMS\app\routes.php line 51 (uncaught exception) at M:\XAMPP\htdocs\MicroCMS\app\routes.php line 51 {"exception":"[object] (Symfony\\Component\\Debug\\Exception\\ContextErrorException: Notice: Undefined variable: raw in M:\\XAMPP\\htdocs\\MicroCMS\\app\\routes.php line 51 at M:\\XAMPP\\htdocs\\MicroCMS\\app\\routes.php:51)"} []
[2014-11-25 10:36:48] MicroCMS.CRITICAL: Symfony\Component\Debug\Exception\ContextErrorException: Notice: Undefined variable: raw in M:\XAMPP\htdocs\MicroCMS\app\routes.php line 13 (uncaught exception) at M:\XAMPP\htdocs\MicroCMS\app\routes.php line 13 {"exception":"[object] (Symfony\\Component\\Debug\\Exception\\ContextErrorException: Notice: Undefined variable: raw in M:\\XAMPP\\htdocs\\MicroCMS\\app\\routes.php line 13 at M:\\XAMPP\\htdocs\\MicroCMS\\app\\routes.php:13)"} []
[2014-11-25 10:36:51] MicroCMS.CRITICAL: Symfony\Component\Debug\Exception\ContextErrorException: Notice: Undefined variable: raw in M:\XAMPP\htdocs\MicroCMS\app\routes.php line 13 (uncaught exception) at M:\XAMPP\htdocs\MicroCMS\app\routes.php line 13 {"exception":"[object] (Symfony\\Component\\Debug\\Exception\\ContextErrorException: Notice: Undefined variable: raw in M:\\XAMPP\\htdocs\\MicroCMS\\app\\routes.php line 13 at M:\\XAMPP\\htdocs\\MicroCMS\\app\\routes.php:13)"} []
[2014-11-25 10:37:10] MicroCMS.CRITICAL: Symfony\Component\Debug\Exception\ContextErrorException: Notice: Undefined variable: raw in M:\XAMPP\htdocs\MicroCMS\app\routes.php line 13 (uncaught exception) at M:\XAMPP\htdocs\MicroCMS\app\routes.php line 13 {"exception":"[object] (Symfony\\Component\\Debug\\Exception\\ContextErrorException: Notice: Undefined variable: raw in M:\\XAMPP\\htdocs\\MicroCMS\\app\\routes.php line 13 at M:\\XAMPP\\htdocs\\MicroCMS\\app\\routes.php:13)"} []
[2014-11-25 10:37:11] MicroCMS.CRITICAL: Symfony\Component\Debug\Exception\ContextErrorException: Notice: Undefined variable: raw in M:\XAMPP\htdocs\MicroCMS\app\routes.php line 13 (uncaught exception) at M:\XAMPP\htdocs\MicroCMS\app\routes.php line 13 {"exception":"[object] (Symfony\\Component\\Debug\\Exception\\ContextErrorException: Notice: Undefined variable: raw in M:\\XAMPP\\htdocs\\MicroCMS\\app\\routes.php line 13 at M:\\XAMPP\\htdocs\\MicroCMS\\app\\routes.php:13)"} []
[2014-11-25 10:37:44] MicroCMS.ERROR: Symfony\Component\HttpKernel\Exception\NotFoundHttpException: No route found for "GET /admin" (from "http://localhost1/") (uncaught exception) at M:\XAMPP\htdocs\MicroCMS\vendor\symfony\http-kernel\Symfony\Component\HttpKernel\EventListener\RouterListener.php line 145 {"exception":"[object] (Symfony\\Component\\HttpKernel\\Exception\\NotFoundHttpException: No route found for \"GET /admin\" (from \"http://localhost1/\") at M:\\XAMPP\\htdocs\\MicroCMS\\vendor\\symfony\\http-kernel\\Symfony\\Component\\HttpKernel\\EventListener\\RouterListener.php:145, Symfony\\Component\\Routing\\Exception\\ResourceNotFoundException:  at M:\\XAMPP\\htdocs\\MicroCMS\\vendor\\symfony\\routing\\Symfony\\Component\\Routing\\Matcher\\UrlMatcher.php:96)"} []
[2014-11-25 10:54:56] MicroCMS.INFO: Matched route "GET_" (parameters: "_controller": "{}", "_route": "GET_") [] []
[2014-11-25 10:54:56] MicroCMS.INFO: Populated SecurityContext with an anonymous Token [] []
[2014-11-25 10:54:56] MicroCMS.INFO: > GET / [] []
[2014-11-25 10:54:56] MicroCMS.INFO: < 200 [] []
[2014-11-25 10:54:56] MicroCMS.INFO: Matched route "_article_id" (parameters: "_controller": "{}", "id": "1", "_route": "_article_id") [] []
[2014-11-25 10:54:56] MicroCMS.INFO: Populated SecurityContext with an anonymous Token [] []
[2014-11-25 10:54:56] MicroCMS.INFO: > GET /article/1 [] []
[2014-11-25 10:54:56] MicroCMS.INFO: < 200 [] []
[2014-11-25 10:54:56] MicroCMS.INFO: Matched route "login" (parameters: "_controller": "{}", "_route": "login") [] []
[2014-11-25 10:54:56] MicroCMS.INFO: Populated SecurityContext with an anonymous Token [] []
[2014-11-25 10:54:56] MicroCMS.INFO: > GET /login [] []
[2014-11-25 10:54:56] MicroCMS.INFO: < 200 [] []
[2014-11-25 10:54:56] MicroCMS.INFO: Matched route "GET_admin" (parameters: "_controller": "{}", "_route": "GET_admin") [] []
[2014-11-25 10:54:56] MicroCMS.INFO: Populated SecurityContext with an anonymous Token [] []
[2014-11-25 10:54:56] MicroCMS.INFO: > GET /admin [] []
[2014-11-25 10:54:56] MicroCMS.INFO: < 200 [] []
[2014-11-25 10:54:57] MicroCMS.INFO: Matched route "_admin_article_add" (parameters: "_controller": "{}", "_route": "_admin_article_add") [] []
[2014-11-25 10:54:57] MicroCMS.INFO: Populated SecurityContext with an anonymous Token [] []
[2014-11-25 10:54:57] MicroCMS.INFO: > GET /admin/article/add [] []
[2014-11-25 10:54:57] MicroCMS.INFO: < 200 [] []
[2014-11-25 10:54:57] MicroCMS.INFO: Matched route "_admin_article_id_edit" (parameters: "_controller": "{}", "id": "1", "_route": "_admin_article_id_edit") [] []
[2014-11-25 10:54:57] MicroCMS.INFO: Populated SecurityContext with an anonymous Token [] []
[2014-11-25 10:54:57] MicroCMS.INFO: > GET /admin/article/1/edit [] []
[2014-11-25 10:54:57] MicroCMS.INFO: < 200 [] []
[2014-11-25 10:54:57] MicroCMS.INFO: Matched route "_admin_comment_id_edit" (parameters: "_controller": "{}", "id": "1", "_route": "_admin_comment_id_edit") [] []
[2014-11-25 10:54:57] MicroCMS.INFO: Populated SecurityContext with an anonymous Token [] []
[2014-11-25 10:54:57] MicroCMS.INFO: > GET /admin/comment/1/edit [] []
[2014-11-25 10:54:57] MicroCMS.INFO: < 200 [] []
[2014-11-25 10:54:57] MicroCMS.INFO: Matched route "_admin_user_add" (parameters: "_controller": "{}", "_route": "_admin_user_add") [] []
[2014-11-25 10:54:57] MicroCMS.INFO: Populated SecurityContext with an anonymous Token [] []
[2014-11-25 10:54:57] MicroCMS.INFO: > GET /admin/user/add [] []
[2014-11-25 10:55:30] MicroCMS.INFO: Matched route "GET_" (parameters: "_controller": "{}", "_route": "GET_") [] []
[2014-11-25 10:55:30] MicroCMS.INFO: Populated SecurityContext with an anonymous Token [] []
[2014-11-25 10:55:30] MicroCMS.INFO: > GET / [] []
[2014-11-25 10:55:30] MicroCMS.INFO: < 200 [] []
[2014-11-25 10:55:30] MicroCMS.INFO: Matched route "_article_id" (parameters: "_controller": "{}", "id": "1", "_route": "_article_id") [] []
[2014-11-25 10:55:30] MicroCMS.INFO: Populated SecurityContext with an anonymous Token [] []
[2014-11-25 10:55:30] MicroCMS.INFO: > GET /article/1 [] []
[2014-11-25 10:55:30] MicroCMS.INFO: < 200 [] []
[2014-11-25 10:55:30] MicroCMS.INFO: Matched route "login" (parameters: "_controller": "{}", "_route": "login") [] []
[2014-11-25 10:55:30] MicroCMS.INFO: Populated SecurityContext with an anonymous Token [] []
[2014-11-25 10:55:30] MicroCMS.INFO: > GET /login [] []
[2014-11-25 10:55:30] MicroCMS.INFO: < 200 [] []
[2014-11-25 10:55:30] MicroCMS.INFO: Matched route "GET_admin" (parameters: "_controller": "{}", "_route": "GET_admin") [] []
[2014-11-25 10:55:30] MicroCMS.INFO: Populated SecurityContext with an anonymous Token [] []
[2014-11-25 10:55:30] MicroCMS.INFO: > GET /admin [] []
[2014-11-25 10:55:30] MicroCMS.INFO: < 200 [] []
[2014-11-25 10:55:30] MicroCMS.INFO: Matched route "_admin_article_add" (parameters: "_controller": "{}", "_route": "_admin_article_add") [] []
[2014-11-25 10:55:30] MicroCMS.INFO: Populated SecurityContext with an anonymous Token [] []
[2014-11-25 10:55:30] MicroCMS.INFO: > GET /admin/article/add [] []
[2014-11-25 10:55:30] MicroCMS.INFO: < 200 [] []
[2014-11-25 10:55:30] MicroCMS.INFO: Matched route "_admin_article_id_edit" (parameters: "_controller": "{}", "id": "1", "_route": "_admin_article_id_edit") [] []
[2014-11-25 10:55:30] MicroCMS.INFO: Populated SecurityContext with an anonymous Token [] []
[2014-11-25 10:55:30] MicroCMS.INFO: > GET /admin/article/1/edit [] []
[2014-11-25 10:55:30] MicroCMS.INFO: < 200 [] []
[2014-11-25 10:55:30] MicroCMS.INFO: Matched route "_admin_comment_id_edit" (parameters: "_controller": "{}", "id": "1", "_route": "_admin_comment_id_edit") [] []
[2014-11-25 10:55:30] MicroCMS.INFO: Populated SecurityContext with an anonymous Token [] []
[2014-11-25 10:55:30] MicroCMS.INFO: > GET /admin/comment/1/edit [] []
[2014-11-25 10:55:30] MicroCMS.INFO: < 200 [] []
[2014-11-25 10:55:30] MicroCMS.INFO: Matched route "_admin_user_add" (parameters: "_controller": "{}", "_route": "_admin_user_add") [] []
[2014-11-25 10:55:30] MicroCMS.INFO: Populated SecurityContext with an anonymous Token [] []
[2014-11-25 10:55:30] MicroCMS.INFO: > GET /admin/user/add [] []
[2014-11-25 10:56:13] MicroCMS.INFO: Matched route "GET_" (parameters: "_controller": "{}", "_route": "GET_") [] []
[2014-11-25 10:56:13] MicroCMS.INFO: Populated SecurityContext with an anonymous Token [] []
[2014-11-25 10:56:13] MicroCMS.INFO: > GET / [] []
[2014-11-25 10:56:13] MicroCMS.INFO: < 200 [] []
[2014-11-25 10:56:13] MicroCMS.INFO: Matched route "_article_id" (parameters: "_controller": "{}", "id": "1", "_route": "_article_id") [] []
[2014-11-25 10:56:13] MicroCMS.INFO: Populated SecurityContext with an anonymous Token [] []
[2014-11-25 10:56:13] MicroCMS.INFO: > GET /article/1 [] []
[2014-11-25 10:56:13] MicroCMS.INFO: < 200 [] []
[2014-11-25 10:56:13] MicroCMS.INFO: Matched route "login" (parameters: "_controller": "{}", "_route": "login") [] []
[2014-11-25 10:56:13] MicroCMS.INFO: Populated SecurityContext with an anonymous Token [] []
[2014-11-25 10:56:13] MicroCMS.INFO: > GET /login [] []
[2014-11-25 10:56:13] MicroCMS.INFO: < 200 [] []
[2014-11-25 10:56:13] MicroCMS.INFO: Matched route "GET_admin" (parameters: "_controller": "{}", "_route": "GET_admin") [] []
[2014-11-25 10:56:13] MicroCMS.INFO: Populated SecurityContext with an anonymous Token [] []
[2014-11-25 10:56:13] MicroCMS.INFO: > GET /admin [] []
[2014-11-25 10:56:13] MicroCMS.INFO: < 200 [] []
[2014-11-25 10:56:13] MicroCMS.INFO: Matched route "_admin_article_add" (parameters: "_controller": "{}", "_route": "_admin_article_add") [] []
[2014-11-25 10:56:13] MicroCMS.INFO: Populated SecurityContext with an anonymous Token [] []
[2014-11-25 10:56:13] MicroCMS.INFO: > GET /admin/article/add [] []
[2014-11-25 10:56:13] MicroCMS.INFO: < 200 [] []
[2014-11-25 10:56:13] MicroCMS.INFO: Matched route "_admin_article_id_edit" (parameters: "_controller": "{}", "id": "1", "_route": "_admin_article_id_edit") [] []
[2014-11-25 10:56:13] MicroCMS.INFO: Populated SecurityContext with an anonymous Token [] []
[2014-11-25 10:56:13] MicroCMS.INFO: > GET /admin/article/1/edit [] []
[2014-11-25 10:56:13] MicroCMS.INFO: < 200 [] []
[2014-11-25 10:56:13] MicroCMS.INFO: Matched route "_admin_comment_id_edit" (parameters: "_controller": "{}", "id": "1", "_route": "_admin_comment_id_edit") [] []
[2014-11-25 10:56:13] MicroCMS.INFO: Populated SecurityContext with an anonymous Token [] []
[2014-11-25 10:56:13] MicroCMS.INFO: > GET /admin/comment/1/edit [] []
[2014-11-25 10:56:13] MicroCMS.INFO: < 200 [] []
[2014-11-25 10:56:13] MicroCMS.INFO: Matched route "_admin_user_add" (parameters: "_controller": "{}", "_route": "_admin_user_add") [] []
[2014-11-25 10:56:13] MicroCMS.INFO: Populated SecurityContext with an anonymous Token [] []
[2014-11-25 10:56:13] MicroCMS.INFO: > GET /admin/user/add [] []
[2014-11-25 10:56:13] MicroCMS.INFO: < 200 [] []
[2014-11-25 10:56:13] MicroCMS.INFO: Matched route "_admin_user_id_edit" (parameters: "_controller": "{}", "id": "1", "_route": "_admin_user_id_edit") [] []
[2014-11-25 10:56:13] MicroCMS.INFO: Populated SecurityContext with an anonymous Token [] []
[2014-11-25 10:56:13] MicroCMS.INFO: > GET /admin/user/1/edit [] []
[2014-11-25 10:56:14] MicroCMS.INFO: < 200 [] []
